[debug] [2024-06-27T06:44:50.746Z] ----------------------------------------------------------------------
[debug] [2024-06-27T06:44:50.751Z] Command:       C:\Program Files\nodejs\node.exe C:\Users\Jakir Hussain\AppData\Roaming\npm\node_modules\firebase-tools\lib\bin\firebase.js init
[debug] [2024-06-27T06:44:50.752Z] CLI Version:   13.12.0
[debug] [2024-06-27T06:44:50.752Z] Platform:      win32
[debug] [2024-06-27T06:44:50.752Z] Node Version:  v20.14.0
[debug] [2024-06-27T06:44:50.752Z] Time:          Thu Jun 27 2024 12:14:50 GMT+0530 (India Standard Time)
[debug] [2024-06-27T06:44:50.752Z] ----------------------------------------------------------------------
[debug] 
[debug] [2024-06-27T06:44:50.757Z] >>> [apiv2][query] GET https://firebase-public.firebaseio.com/cli.json [none]
[debug] [2024-06-27T06:44:50.936Z] > command requires scopes: ["email","openid","https://www.googleapis.com/auth/cloudplatformprojects.readonly","https://www.googleapis.com/auth/firebase","https://www.googleapis.com/auth/cloud-platform"]
[debug] [2024-06-27T06:44:50.937Z] > authorizing via signed-in user (opensky1202@gmail.com)
[info] 
     ######## #### ########  ######## ########     ###     ######  ########
     ##        ##  ##     ## ##       ##     ##  ##   ##  ##       ##
     ######    ##  ########  ######   ########  #########  ######  ######
     ##        ##  ##    ##  ##       ##     ## ##     ##       ## ##
     ##       #### ##     ## ######## ########  ##     ##  ######  ########

You're about to initialize a Firebase project in this directory:

  C:\Users\Jakir Hussain

Before we get started, keep in mind:

  * You are initializing within an existing Firebase project directory

[debug] [2024-06-27T06:44:52.175Z] <<< [apiv2][status] GET https://firebase-public.firebaseio.com/cli.json 200
[debug] [2024-06-27T06:44:52.175Z] <<< [apiv2][body] GET https://firebase-public.firebaseio.com/cli.json {"cloudBuildErrorAfter":1594252800000,"cloudBuildWarnAfter":1590019200000,"defaultNode10After":1594252800000,"minVersion":"3.0.5","node8DeploysDisabledAfter":1613390400000,"node8RuntimeDisabledAfter":1615809600000,"node8WarnAfter":1600128000000}
[info] 
=== Project Setup
[info] 
[info] First, let's associate this project directory with a Firebase project.
[info] You can create multiple project aliases by running firebase use --add, 
[info] but for now we'll just set up a default project.
[info] 
[debug] [2024-06-27T06:45:04.194Z] Using project from CLI flag: clientproject-2d04b
[debug] [2024-06-27T06:45:04.196Z] > refreshing access token with scopes: []
[debug] [2024-06-27T06:45:04.197Z] >>> [apiv2][query] POST https://www.googleapis.com/oauth2/v3/token [none]
[debug] [2024-06-27T06:45:04.197Z] >>> [apiv2][body] POST https://www.googleapis.com/oauth2/v3/token [omitted]
[debug] [2024-06-27T06:45:04.780Z] <<< [apiv2][status] POST https://www.googleapis.com/oauth2/v3/token 200
[debug] [2024-06-27T06:45:04.781Z] <<< [apiv2][body] POST https://www.googleapis.com/oauth2/v3/token [omitted]
[debug] [2024-06-27T06:45:04.790Z] >>> [apiv2][query] GET https://firebase.googleapis.com/v1beta1/projects/clientproject-2d04b [none]
[debug] [2024-06-27T06:45:06.326Z] <<< [apiv2][status] GET https://firebase.googleapis.com/v1beta1/projects/clientproject-2d04b 200
[debug] [2024-06-27T06:45:06.326Z] <<< [apiv2][body] GET https://firebase.googleapis.com/v1beta1/projects/clientproject-2d04b {"projectId":"clientproject-2d04b","projectNumber":"952166895748","displayName":"ClientProject","name":"projects/clientproject-2d04b","resources":{"hostingSite":"clientproject-2d04b"},"state":"DELETED","etag":"1_86e1b96f-8092-440a-b17e-7eb7eaf0b7ac"}
[info] i  Using project clientproject-2d04b (ClientProject) 
[info] 
=== Hosting Setup
[debug] [2024-06-27T06:45:06.335Z] >>> [apiv2][query] GET https://firebase.googleapis.com/v1beta1/projects/clientproject-2d04b [none]
[debug] [2024-06-27T06:45:06.766Z] <<< [apiv2][status] GET https://firebase.googleapis.com/v1beta1/projects/clientproject-2d04b 200
[debug] [2024-06-27T06:45:06.766Z] <<< [apiv2][body] GET https://firebase.googleapis.com/v1beta1/projects/clientproject-2d04b {"projectId":"clientproject-2d04b","projectNumber":"952166895748","displayName":"ClientProject","name":"projects/clientproject-2d04b","resources":{"hostingSite":"clientproject-2d04b"},"state":"DELETED","etag":"1_86e1b96f-8092-440a-b17e-7eb7eaf0b7ac"}
[info] 
[info] Your public directory is the folder (relative to your project directory) that
[info] will contain Hosting assets to be uploaded with firebase deploy. If you
[info] have a build process for your assets, use your build's output directory.
[info] 
